<?xml version="1.0" encoding="UTF-8"?>
<!-- Generated by org.testng.reporters.JUnitReportReporter -->
<testsuite hostname="LAPTOP-9VS728M4" failures="0" tests="1" name="com_paraBanking_Pageobjects.Letests_News_Page" time="27.506" errors="0" timestamp="2023-07-08T15:58:29 IST" skipped="0">
  <testcase classname="com_paraBanking_Pageobjects.Letests_News_Page" name="news" time="27.506"/>
  <system-out/>
</testsuite> <!-- com_paraBanking_Pageobjects.Letests_News_Page -->
