<?xml version="1.0" encoding="UTF-8"?>
<!-- Generated by org.testng.reporters.JUnitReportReporter -->
<testsuite hostname="LAPTOP-9VS728M4" failures="0" tests="1" name="com.paraBanking.Pageobjects.AccountOverview" time="22.252" errors="0" timestamp="2023-07-05T15:29:54 IST" skipped="0">
  <testcase classname="com.paraBanking.Pageobjects.AccountOverview" name="overview" time="22.252"/>
  <system-out/>
</testsuite> <!-- com.paraBanking.Pageobjects.AccountOverview -->
