<?xml version="1.0" encoding="UTF-8"?>
<!-- Generated by org.testng.reporters.JUnitReportReporter -->
<testsuite hostname="LAPTOP-9VS728M4" failures="0" tests="1" name="com_paraBanking_Pageobjects.All_Logo" time="79.539" errors="0" timestamp="2023-07-20T10:08:20 IST" skipped="0">
  <testcase classname="com_paraBanking_Pageobjects.All_Logo" name="logo" time="79.539"/>
  <system-out/>
</testsuite> <!-- com_paraBanking_Pageobjects.All_Logo -->
