<?xml version="1.0" encoding="UTF-8"?>
<!-- Generated by org.testng.reporters.JUnitReportReporter -->
<testsuite hostname="LAPTOP-9VS728M4" failures="0" tests="1" name="com_paraBanking_Pageobjects.LoginPage" time="21.580" errors="0" timestamp="2023-07-31T11:29:48 IST" skipped="0">
  <testcase classname="com_paraBanking_Pageobjects.LoginPage" name="login" time="21.580"/>
  <system-out/>
</testsuite> <!-- com_paraBanking_Pageobjects.LoginPage -->
