<?xml version="1.0" encoding="UTF-8"?>
<!-- Generated by org.testng.reporters.JUnitReportReporter -->
<testsuite hostname="LAPTOP-9VS728M4" failures="0" tests="1" name="com_paraBanking_Pageobjects.File_Upload" time="74.986" errors="0" timestamp="2023-08-03T15:15:50 IST" skipped="0">
  <testcase classname="com_paraBanking_Pageobjects.File_Upload" name="file" time="74.986"/>
  <system-out/>
</testsuite> <!-- com_paraBanking_Pageobjects.File_Upload -->
