<?xml version="1.0" encoding="UTF-8"?>
<!-- Generated by org.testng.reporters.JUnitReportReporter -->
<testsuite hostname="LAPTOP-9VS728M4" failures="0" tests="1" name="com_paraBanking_Pageobjects.ATM_Services_Page" time="34.945" errors="0" timestamp="2023-07-20T10:38:35 IST" skipped="0">
  <testcase classname="com_paraBanking_Pageobjects.ATM_Services_Page" name="atm" time="34.945"/>
  <system-out/>
</testsuite> <!-- com_paraBanking_Pageobjects.ATM_Services_Page -->
