<?xml version="1.0" encoding="UTF-8"?>
<!-- Generated by org.testng.reporters.JUnitReportReporter -->
<testsuite hostname="LAPTOP-9VS728M4" failures="0" tests="5" name="com_paraBanking_Pageobjects.Find_Transactions" time="61.570" errors="0" timestamp="2023-08-07T09:24:08 IST" skipped="0">
  <testcase classname="com_paraBanking_Pageobjects.Find_Transactions" name="findbyDateRang" time="5.638"/>
  <system-out/>
  <testcase classname="com_paraBanking_Pageobjects.Find_Transactions" name="amount" time="5.087"/>
  <system-out/>
  <testcase classname="com_paraBanking_Pageobjects.Find_Transactions" name="findbyidd" time="1.361"/>
  <system-out/>
  <testcase classname="com_paraBanking_Pageobjects.Find_Transactions" name="findbyDate" time="4.360"/>
  <system-out/>
  <testcase classname="com_paraBanking_Pageobjects.Find_Transactions" name="Transaction" time="45.124"/>
  <system-out/>
</testsuite> <!-- com_paraBanking_Pageobjects.Find_Transactions -->
