<?xml version="1.0" encoding="UTF-8"?>
<!-- Generated by org.testng.reporters.JUnitReportReporter -->
<testsuite hostname="jainish" failures="0" tests="4" name="allModual.LoginPrallel" time="67.991" errors="0" timestamp="2023-09-23T10:41:29 IST" skipped="0">
  <testcase classname="allModual.LoginPrallel" name="login" time="23.379"/>
  <system-out/>
  <testcase classname="allModual.LoginPrallel" name="login_invalid" time="16.474"/>
  <system-out/>
  <testcase classname="allModual.LoginPrallel" name="login_blank" time="16.198"/>
  <system-out/>
  <testcase classname="allModual.LoginPrallel" name="login_passonly" time="11.940"/>
  <system-out/>
</testsuite> <!-- allModual.LoginPrallel -->
