<?xml version="1.0" encoding="UTF-8"?>
<!-- Generated by org.testng.reporters.JUnitReportReporter -->
<testsuite hostname="LAPTOP-9VS728M4" failures="0" tests="1" name="com.paraBanking.Pageobjects.LoginPage" time="21.994" errors="0" timestamp="2023-07-05T16:23:55 IST" skipped="0">
  <testcase classname="com.paraBanking.Pageobjects.LoginPage" name="login_blank" time="21.994"/>
  <system-out/>
</testsuite> <!-- com.paraBanking.Pageobjects.LoginPage -->
