<?xml version="1.0" encoding="UTF-8"?>
<!-- Generated by org.testng.reporters.JUnitReportReporter -->
<testsuite hostname="LAPTOP-9VS728M4" failures="0" tests="1" name="com.paraBanking.Pageobjects.OpenNewAccountPage" time="76.278" errors="0" timestamp="2023-07-05T14:46:01 IST" skipped="0">
  <testcase classname="com.paraBanking.Pageobjects.OpenNewAccountPage" name="newAcc" time="76.278"/>
  <system-out/>
</testsuite> <!-- com.paraBanking.Pageobjects.OpenNewAccountPage -->
