<?xml version="1.0" encoding="UTF-8"?>
<!-- Generated by org.testng.reporters.JUnitReportReporter -->
<testsuite hostname="LAPTOP-9VS728M4" failures="0" tests="1" name="com_paraBanking_Pageobjects.Check_All_Button" time="89.778" errors="0" timestamp="2023-07-20T11:58:52 IST" skipped="0">
  <testcase classname="com_paraBanking_Pageobjects.Check_All_Button" name="check" time="89.778"/>
  <system-out/>
</testsuite> <!-- com_paraBanking_Pageobjects.Check_All_Button -->
