<?xml version="1.0" encoding="UTF-8"?>
<!-- Generated by org.testng.reporters.JUnitReportReporter -->
<testsuite hostname="jainish" failures="0" tests="100" name="com_paraBanking_Pageobjects.Load" time="77.754" errors="0" timestamp="2023-08-25T10:48:47 IST" skipped="0">
  <testcase classname="com_paraBanking_Pageobjects.Load" name="sendRequest" time="1.597"/>
  <system-out/>
  <testcase classname="com_paraBanking_Pageobjects.Load" name="sendRequest" time="0.554"/>
  <system-out/>
  <testcase classname="com_paraBanking_Pageobjects.Load" name="sendRequest" time="0.543"/>
  <system-out/>
  <testcase classname="com_paraBanking_Pageobjects.Load" name="sendRequest" time="0.531"/>
  <system-out/>
  <testcase classname="com_paraBanking_Pageobjects.Load" name="sendRequest" time="0.541"/>
  <system-out/>
  <testcase classname="com_paraBanking_Pageobjects.Load" name="sendRequest" time="0.975"/>
  <system-out/>
  <testcase classname="com_paraBanking_Pageobjects.Load" name="sendRequest" time="1.214"/>
  <system-out/>
  <testcase classname="com_paraBanking_Pageobjects.Load" name="sendRequest" time="0.975"/>
  <system-out/>
  <testcase classname="com_paraBanking_Pageobjects.Load" name="sendRequest" time="0.425"/>
  <system-out/>
  <testcase classname="com_paraBanking_Pageobjects.Load" name="sendRequest" time="0.576"/>
  <system-out/>
  <testcase classname="com_paraBanking_Pageobjects.Load" name="sendRequest" time="0.569"/>
  <system-out/>
  <testcase classname="com_paraBanking_Pageobjects.Load" name="sendRequest" time="1.438"/>
  <system-out/>
  <testcase classname="com_paraBanking_Pageobjects.Load" name="sendRequest" time="1.769"/>
  <system-out/>
  <testcase classname="com_paraBanking_Pageobjects.Load" name="sendRequest" time="0.555"/>
  <system-out/>
  <testcase classname="com_paraBanking_Pageobjects.Load" name="sendRequest" time="1.819"/>
  <system-out/>
  <testcase classname="com_paraBanking_Pageobjects.Load" name="sendRequest" time="0.575"/>
  <system-out/>
  <testcase classname="com_paraBanking_Pageobjects.Load" name="sendRequest" time="0.465"/>
  <system-out/>
  <testcase classname="com_paraBanking_Pageobjects.Load" name="sendRequest" time="0.579"/>
  <system-out/>
  <testcase classname="com_paraBanking_Pageobjects.Load" name="sendRequest" time="0.435"/>
  <system-out/>
  <testcase classname="com_paraBanking_Pageobjects.Load" name="sendRequest" time="1.222"/>
  <system-out/>
  <testcase classname="com_paraBanking_Pageobjects.Load" name="sendRequest" time="0.498"/>
  <system-out/>
  <testcase classname="com_paraBanking_Pageobjects.Load" name="sendRequest" time="0.549"/>
  <system-out/>
  <testcase classname="com_paraBanking_Pageobjects.Load" name="sendRequest" time="0.594"/>
  <system-out/>
  <testcase classname="com_paraBanking_Pageobjects.Load" name="sendRequest" time="0.551"/>
  <system-out/>
  <testcase classname="com_paraBanking_Pageobjects.Load" name="sendRequest" time="0.571"/>
  <system-out/>
  <testcase classname="com_paraBanking_Pageobjects.Load" name="sendRequest" time="0.567"/>
  <system-out/>
  <testcase classname="com_paraBanking_Pageobjects.Load" name="sendRequest" time="1.843"/>
  <system-out/>
  <testcase classname="com_paraBanking_Pageobjects.Load" name="sendRequest" time="0.507"/>
  <system-out/>
  <testcase classname="com_paraBanking_Pageobjects.Load" name="sendRequest" time="0.444"/>
  <system-out/>
  <testcase classname="com_paraBanking_Pageobjects.Load" name="sendRequest" time="0.504"/>
  <system-out/>
  <testcase classname="com_paraBanking_Pageobjects.Load" name="sendRequest" time="1.451"/>
  <system-out/>
  <testcase classname="com_paraBanking_Pageobjects.Load" name="sendRequest" time="0.519"/>
  <system-out/>
  <testcase classname="com_paraBanking_Pageobjects.Load" name="sendRequest" time="0.543"/>
  <system-out/>
  <testcase classname="com_paraBanking_Pageobjects.Load" name="sendRequest" time="0.448"/>
  <system-out/>
  <testcase classname="com_paraBanking_Pageobjects.Load" name="sendRequest" time="1.259"/>
  <system-out/>
  <testcase classname="com_paraBanking_Pageobjects.Load" name="sendRequest" time="0.533"/>
  <system-out/>
  <testcase classname="com_paraBanking_Pageobjects.Load" name="sendRequest" time="0.499"/>
  <system-out/>
  <testcase classname="com_paraBanking_Pageobjects.Load" name="sendRequest" time="0.541"/>
  <system-out/>
  <testcase classname="com_paraBanking_Pageobjects.Load" name="sendRequest" time="0.520"/>
  <system-out/>
  <testcase classname="com_paraBanking_Pageobjects.Load" name="sendRequest" time="1.352"/>
  <system-out/>
  <testcase classname="com_paraBanking_Pageobjects.Load" name="sendRequest" time="1.339"/>
  <system-out/>
  <testcase classname="com_paraBanking_Pageobjects.Load" name="sendRequest" time="0.431"/>
  <system-out/>
  <testcase classname="com_paraBanking_Pageobjects.Load" name="sendRequest" time="1.341"/>
  <system-out/>
  <testcase classname="com_paraBanking_Pageobjects.Load" name="sendRequest" time="0.533"/>
  <system-out/>
  <testcase classname="com_paraBanking_Pageobjects.Load" name="sendRequest" time="1.819"/>
  <system-out/>
  <testcase classname="com_paraBanking_Pageobjects.Load" name="sendRequest" time="0.680"/>
  <system-out/>
  <testcase classname="com_paraBanking_Pageobjects.Load" name="sendRequest" time="0.488"/>
  <system-out/>
  <testcase classname="com_paraBanking_Pageobjects.Load" name="sendRequest" time="0.578"/>
  <system-out/>
  <testcase classname="com_paraBanking_Pageobjects.Load" name="sendRequest" time="0.567"/>
  <system-out/>
  <testcase classname="com_paraBanking_Pageobjects.Load" name="sendRequest" time="0.483"/>
  <system-out/>
  <testcase classname="com_paraBanking_Pageobjects.Load" name="sendRequest" time="0.455"/>
  <system-out/>
  <testcase classname="com_paraBanking_Pageobjects.Load" name="sendRequest" time="0.567"/>
  <system-out/>
  <testcase classname="com_paraBanking_Pageobjects.Load" name="sendRequest" time="0.552"/>
  <system-out/>
  <testcase classname="com_paraBanking_Pageobjects.Load" name="sendRequest" time="0.473"/>
  <system-out/>
  <testcase classname="com_paraBanking_Pageobjects.Load" name="sendRequest" time="0.470"/>
  <system-out/>
  <testcase classname="com_paraBanking_Pageobjects.Load" name="sendRequest" time="0.515"/>
  <system-out/>
  <testcase classname="com_paraBanking_Pageobjects.Load" name="sendRequest" time="0.606"/>
  <system-out/>
  <testcase classname="com_paraBanking_Pageobjects.Load" name="sendRequest" time="0.500"/>
  <system-out/>
  <testcase classname="com_paraBanking_Pageobjects.Load" name="sendRequest" time="0.438"/>
  <system-out/>
  <testcase classname="com_paraBanking_Pageobjects.Load" name="sendRequest" time="0.472"/>
  <system-out/>
  <testcase classname="com_paraBanking_Pageobjects.Load" name="sendRequest" time="1.702"/>
  <system-out/>
  <testcase classname="com_paraBanking_Pageobjects.Load" name="sendRequest" time="1.819"/>
  <system-out/>
  <testcase classname="com_paraBanking_Pageobjects.Load" name="sendRequest" time="1.420"/>
  <system-out/>
  <testcase classname="com_paraBanking_Pageobjects.Load" name="sendRequest" time="0.549"/>
  <system-out/>
  <testcase classname="com_paraBanking_Pageobjects.Load" name="sendRequest" time="0.543"/>
  <system-out/>
  <testcase classname="com_paraBanking_Pageobjects.Load" name="sendRequest" time="0.443"/>
  <system-out/>
  <testcase classname="com_paraBanking_Pageobjects.Load" name="sendRequest" time="0.462"/>
  <system-out/>
  <testcase classname="com_paraBanking_Pageobjects.Load" name="sendRequest" time="0.484"/>
  <system-out/>
  <testcase classname="com_paraBanking_Pageobjects.Load" name="sendRequest" time="0.554"/>
  <system-out/>
  <testcase classname="com_paraBanking_Pageobjects.Load" name="sendRequest" time="0.489"/>
  <system-out/>
  <testcase classname="com_paraBanking_Pageobjects.Load" name="sendRequest" time="0.575"/>
  <system-out/>
  <testcase classname="com_paraBanking_Pageobjects.Load" name="sendRequest" time="0.539"/>
  <system-out/>
  <testcase classname="com_paraBanking_Pageobjects.Load" name="sendRequest" time="0.562"/>
  <system-out/>
  <testcase classname="com_paraBanking_Pageobjects.Load" name="sendRequest" time="0.971"/>
  <system-out/>
  <testcase classname="com_paraBanking_Pageobjects.Load" name="sendRequest" time="1.181"/>
  <system-out/>
  <testcase classname="com_paraBanking_Pageobjects.Load" name="sendRequest" time="1.309"/>
  <system-out/>
  <testcase classname="com_paraBanking_Pageobjects.Load" name="sendRequest" time="0.665"/>
  <system-out/>
  <testcase classname="com_paraBanking_Pageobjects.Load" name="sendRequest" time="1.867"/>
  <system-out/>
  <testcase classname="com_paraBanking_Pageobjects.Load" name="sendRequest" time="0.748"/>
  <system-out/>
  <testcase classname="com_paraBanking_Pageobjects.Load" name="sendRequest" time="0.573"/>
  <system-out/>
  <testcase classname="com_paraBanking_Pageobjects.Load" name="sendRequest" time="0.562"/>
  <system-out/>
  <testcase classname="com_paraBanking_Pageobjects.Load" name="sendRequest" time="1.165"/>
  <system-out/>
  <testcase classname="com_paraBanking_Pageobjects.Load" name="sendRequest" time="0.567"/>
  <system-out/>
  <testcase classname="com_paraBanking_Pageobjects.Load" name="sendRequest" time="1.561"/>
  <system-out/>
  <testcase classname="com_paraBanking_Pageobjects.Load" name="sendRequest" time="0.582"/>
  <system-out/>
  <testcase classname="com_paraBanking_Pageobjects.Load" name="sendRequest" time="0.584"/>
  <system-out/>
  <testcase classname="com_paraBanking_Pageobjects.Load" name="sendRequest" time="0.601"/>
  <system-out/>
  <testcase classname="com_paraBanking_Pageobjects.Load" name="sendRequest" time="0.429"/>
  <system-out/>
  <testcase classname="com_paraBanking_Pageobjects.Load" name="sendRequest" time="0.520"/>
  <system-out/>
  <testcase classname="com_paraBanking_Pageobjects.Load" name="sendRequest" time="0.638"/>
  <system-out/>
  <testcase classname="com_paraBanking_Pageobjects.Load" name="sendRequest" time="0.533"/>
  <system-out/>
  <testcase classname="com_paraBanking_Pageobjects.Load" name="sendRequest" time="0.520"/>
  <system-out/>
  <testcase classname="com_paraBanking_Pageobjects.Load" name="sendRequest" time="0.546"/>
  <system-out/>
  <testcase classname="com_paraBanking_Pageobjects.Load" name="sendRequest" time="0.625"/>
  <system-out/>
  <testcase classname="com_paraBanking_Pageobjects.Load" name="sendRequest" time="1.480"/>
  <system-out/>
  <testcase classname="com_paraBanking_Pageobjects.Load" name="sendRequest" time="0.450"/>
  <system-out/>
  <testcase classname="com_paraBanking_Pageobjects.Load" name="sendRequest" time="0.449"/>
  <system-out/>
  <testcase classname="com_paraBanking_Pageobjects.Load" name="sendRequest" time="1.230"/>
  <system-out/>
  <testcase classname="com_paraBanking_Pageobjects.Load" name="sendRequest" time="1.774"/>
  <system-out/>
  <testcase classname="com_paraBanking_Pageobjects.Load" name="sendRequest" time="0.526"/>
  <system-out/>
</testsuite> <!-- com_paraBanking_Pageobjects.Load -->
