<?xml version="1.0" encoding="UTF-8"?>
<!-- Generated by org.testng.reporters.JUnitReportReporter -->
<testsuite hostname="LAPTOP-9VS728M4" failures="0" tests="1" name="com_paraBanking_Pageobjects.AccountOverview" time="88.467" errors="0" timestamp="2023-07-20T10:05:45 IST" skipped="0">
  <testcase classname="com_paraBanking_Pageobjects.AccountOverview" name="overview" time="88.467"/>
  <system-out/>
</testsuite> <!-- com_paraBanking_Pageobjects.AccountOverview -->
